<?xml version="1.0" encoding="UTF-8"?>
<!-- Generated by org.testng.reporters.JUnitReportReporter -->
<testsuite hostname="kartik" failures="0" tests="1" name="Demo_Web_Shop.test_scripts.TC__2_Add_Product_Tocart" time="34.222" errors="0" timestamp="2023-12-14T11:13:28 IST" skipped="0">
  <testcase classname="Demo_Web_Shop.test_scripts.TC__2_Add_Product_Tocart" name="addProductToTheCart" time="34.222"/>
</testsuite> <!-- Demo_Web_Shop.test_scripts.TC__2_Add_Product_Tocart -->
