<?xml version="1.0" encoding="UTF-8"?>
<!-- Generated by org.testng.reporters.JUnitReportReporter -->
<testsuite hostname="kartik" failures="0" tests="1" name="Demo_Web_Shop.test_scripts.TC__1_Product_Name" time="71.547" errors="0" timestamp="2023-12-14T11:12:21 IST" skipped="0">
  <testcase classname="Demo_Web_Shop.test_scripts.TC__1_Product_Name" name="getAllProductNames" time="71.547"/>
</testsuite> <!-- Demo_Web_Shop.test_scripts.TC__1_Product_Name -->
